[29/Mar/2022:16:00:43] -  GET / 200  0
[29/Mar/2022:16:00:43] -  GET /favicon.ico 200  0
[29/Mar/2022:16:00:45] -  GET / 200  0
[29/Mar/2022:16:00:45] -  GET /favicon.ico 200  0
[29/Mar/2022:16:00:46] -  GET / 200  0
[29/Mar/2022:16:00:46] -  GET /favicon.ico 200  0
[29/Mar/2022:16:06:09] -  GET / 200  0
[29/Mar/2022:16:08:34] -  GET / 200  0
[29/Mar/2022:16:08:35] -  GET /favicon.ico 200  0
[29/Mar/2022:16:08:38] -  GET / 200  0
[29/Mar/2022:16:08:39] -  GET /favicon.ico 200  0
[29/Mar/2022:16:08:39] -  GET / 200  0
[29/Mar/2022:16:08:39] -  GET /favicon.ico 200  0
[29/Mar/2022:16:08:48] -  GET / 200  0
[29/Mar/2022:16:08:48] -  GET /favicon.ico 200  0
[29/Mar/2022:16:09:34] -  GET / 200  0
[29/Mar/2022:16:09:39] -  GET / 200  0
[29/Mar/2022:16:09:40] -  GET /favicon.ico 200  0
[29/Mar/2022:16:09:40] -  GET / 200  0
[29/Mar/2022:16:09:41] -  GET /favicon.ico 200  0
[29/Mar/2022:16:09:41] -  GET / 200  0
[29/Mar/2022:16:09:41] -  GET / 200  0
[29/Mar/2022:16:09:41] -  GET / 200  0
[29/Mar/2022:16:09:41] -  GET / 200  0
[29/Mar/2022:16:09:41] -  GET / 200  0
[29/Mar/2022:16:09:41] -  GET / 200  0
[29/Mar/2022:16:09:42] -  GET / 200  0
[29/Mar/2022:16:09:42] -  GET / 200  0
[29/Mar/2022:16:09:42] -  GET / 200  0
[29/Mar/2022:16:09:42] -  GET / 200  0
[29/Mar/2022:16:09:43] -  GET / 200  0
[29/Mar/2022:16:09:43] -  GET / 200  0
[29/Mar/2022:16:09:43] -  GET /favicon.ico 200  0
[29/Mar/2022:16:09:44] -  GET / 200  0
[29/Mar/2022:16:09:44] -  GET /favicon.ico 200  0
[29/Mar/2022:16:09:44] -  GET / 200  0
[29/Mar/2022:16:09:45] -  GET /favicon.ico 200  0
[29/Mar/2022:16:13:40] -  GET / 200  0
[29/Mar/2022:16:13:49] -  GET / 200  0
[29/Mar/2022:16:13:49] -  GET /favicon.ico 200  0
[29/Mar/2022:16:27:36] -  GET / 200  0
[29/Mar/2022:16:27:37] -  GET /favicon.ico 200  0
[29/Mar/2022:16:27:38] -  GET / 200  0
[29/Mar/2022:16:27:38] -  GET /favicon.ico 200  0
[29/Mar/2022:16:27:39] -  GET /a 200  0
[29/Mar/2022:16:27:40] -  GET /favicon.ico 200  0
[29/Mar/2022:16:52:08] -  GET /a 200  0
[29/Mar/2022:16:52:09] -  GET /favicon.ico 200  0
[29/Mar/2022:16:52:10] -  GET / 200  0
[29/Mar/2022:16:52:11] -  GET /favicon.ico 200  0
[29/Mar/2022:16:52:27] -  GET /serveHtml 200  0
[29/Mar/2022:16:52:28] -  GET /favicon.ico 200  0
[29/Mar/2022:16:52:35] -  GET /index.html 200  0
[29/Mar/2022:16:52:35] -  GET /favicon.ico 200  0
[29/Mar/2022:16:52:49] -  GET /index.html 200  0
[29/Mar/2022:16:52:49] -  GET /favicon.ico 200  0
[29/Mar/2022:16:52:55] -  GET /README.md 200  0
[29/Mar/2022:16:52:55] -  GET /favicon.ico 200  0
[29/Mar/2022:16:58:56] -  GET /README.md 200  0
[29/Mar/2022:16:58:57] -  GET /favicon.ico 200  0
[29/Mar/2022:16:59:00] -  GET / 200  0
[29/Mar/2022:16:59:01] -  GET /favicon.ico 200  0
[29/Mar/2022:17:00:34] -  GET / 200  0
[29/Mar/2022:17:00:35] -  GET /favicon.ico 200  0
[29/Mar/2022:17:01:43] -  GET / 200  0
[29/Mar/2022:17:01:44] -  GET /favicon.ico 200  0
[29/Mar/2022:17:01:45] -  GET / 200  0
[29/Mar/2022:17:01:45] -  GET /favicon.ico 200  0
[29/Mar/2022:17:01:45] -  GET / 200  0
[29/Mar/2022:17:01:46] -  GET /favicon.ico 200  0
[29/Mar/2022:17:01:47] -  GET / 200  0
[29/Mar/2022:17:01:47] -  GET /favicon.ico 200  0
[29/Mar/2022:17:01:48] -  GET / 200  0
[29/Mar/2022:17:01:48] -  GET /favicon.ico 200  0
[29/Mar/2022:17:01:48] -  GET / 200  0
[29/Mar/2022:17:01:49] -  GET /favicon.ico 200  0
[29/Mar/2022:17:01:49] -  GET / 200  0
[29/Mar/2022:17:01:49] -  GET /favicon.ico 200  0
